{"/Users/srochlen/Desktop/cancer-survey/src/i18n.js": {"path":"/Users/srochlen/Desktop/cancer-survey/src/i18n.js","statementMap":{"0":{"start":{"line":6,"column":0},"end":{"line":16,"column":5}}},"fnMap":{},"branchMap":{},"s":{"0":0},"f":{},"b":{},"hash":"585029adebebd0902ff5e655ad8439a52dbd1a14"}
,"/Users/srochlen/Desktop/cancer-survey/src/index.js": {"path":"/Users/srochlen/Desktop/cancer-survey/src/index.js","statementMap":{"0":{"start":{"line":9,"column":15},"end":{"line":13,"column":1}},"1":{"start":{"line":10,"column":2},"end":{"line":12,"column":8}},"2":{"start":{"line":17,"column":2},"end":{"line":21,"column":4}},"3":{"start":{"line":24,"column":0},"end":{"line":27,"column":2}},"4":{"start":{"line":29,"column":0},"end":{"line":29,"column":27}}},"fnMap":{"0":{"name":"(anonymous_0)","decl":{"start":{"line":9,"column":15},"end":{"line":9,"column":16}},"loc":{"start":{"line":10,"column":2},"end":{"line":12,"column":8}},"line":10},"1":{"name":"App","decl":{"start":{"line":16,"column":9},"end":{"line":16,"column":12}},"loc":{"start":{"line":16,"column":15},"end":{"line":22,"column":1}},"line":16}},"branchMap":{},"s":{"0":0,"1":0,"2":0,"3":0,"4":0},"f":{"0":0,"1":0},"b":{},"hash":"2fa986da4943e3fe3d4a5b461dc94d7108b92899"}
,"/Users/srochlen/Desktop/cancer-survey/src/serviceWorker.js": {"path":"/Users/srochlen/Desktop/cancer-survey/src/serviceWorker.js","statementMap":{"0":{"start":{"line":13,"column":20},"end":{"line":21,"column":1}},"1":{"start":{"line":24,"column":2},"end":{"line":54,"column":3}},"2":{"start":{"line":26,"column":22},"end":{"line":26,"column":75}},"3":{"start":{"line":27,"column":4},"end":{"line":32,"column":5}},"4":{"start":{"line":31,"column":6},"end":{"line":31,"column":13}},"5":{"start":{"line":34,"column":4},"end":{"line":53,"column":7}},"6":{"start":{"line":35,"column":20},"end":{"line":35,"column":65}},"7":{"start":{"line":37,"column":6},"end":{"line":52,"column":7}},"8":{"start":{"line":39,"column":8},"end":{"line":39,"column":47}},"9":{"start":{"line":43,"column":8},"end":{"line":48,"column":11}},"10":{"start":{"line":44,"column":10},"end":{"line":47,"column":12}},"11":{"start":{"line":51,"column":8},"end":{"line":51,"column":39}},"12":{"start":{"line":58,"column":2},"end":{"line":98,"column":7}},"13":{"start":{"line":61,"column":6},"end":{"line":94,"column":8}},"14":{"start":{"line":62,"column":33},"end":{"line":62,"column":56}},"15":{"start":{"line":63,"column":8},"end":{"line":65,"column":9}},"16":{"start":{"line":64,"column":10},"end":{"line":64,"column":17}},"17":{"start":{"line":66,"column":8},"end":{"line":93,"column":10}},"18":{"start":{"line":67,"column":10},"end":{"line":92,"column":11}},"19":{"start":{"line":68,"column":12},"end":{"line":91,"column":13}},"20":{"start":{"line":72,"column":14},"end":{"line":75,"column":16}},"21":{"start":{"line":78,"column":14},"end":{"line":80,"column":15}},"22":{"start":{"line":79,"column":16},"end":{"line":79,"column":46}},"23":{"start":{"line":85,"column":14},"end":{"line":85,"column":64}},"24":{"start":{"line":88,"column":14},"end":{"line":90,"column":15}},"25":{"start":{"line":89,"column":16},"end":{"line":89,"column":47}},"26":{"start":{"line":97,"column":6},"end":{"line":97,"column":72}},"27":{"start":{"line":103,"column":2},"end":{"line":128,"column":7}},"28":{"start":{"line":108,"column":26},"end":{"line":108,"column":62}},"29":{"start":{"line":109,"column":6},"end":{"line":122,"column":7}},"30":{"start":{"line":114,"column":8},"end":{"line":118,"column":11}},"31":{"start":{"line":115,"column":10},"end":{"line":117,"column":13}},"32":{"start":{"line":116,"column":12},"end":{"line":116,"column":37}},"33":{"start":{"line":121,"column":8},"end":{"line":121,"column":39}},"34":{"start":{"line":125,"column":6},"end":{"line":127,"column":8}},"35":{"start":{"line":132,"column":2},"end":{"line":136,"column":3}},"36":{"start":{"line":133,"column":4},"end":{"line":135,"column":7}},"37":{"start":{"line":134,"column":6},"end":{"line":134,"column":32}}},"fnMap":{"0":{"name":"register","decl":{"start":{"line":23,"column":16},"end":{"line":23,"column":24}},"loc":{"start":{"line":23,"column":33},"end":{"line":55,"column":1}},"line":23},"1":{"name":"(anonymous_1)","decl":{"start":{"line":34,"column":36},"end":{"line":34,"column":37}},"loc":{"start":{"line":34,"column":42},"end":{"line":53,"column":5}},"line":34},"2":{"name":"(anonymous_2)","decl":{"start":{"line":43,"column":43},"end":{"line":43,"column":44}},"loc":{"start":{"line":43,"column":49},"end":{"line":48,"column":9}},"line":43},"3":{"name":"registerValidSW","decl":{"start":{"line":57,"column":9},"end":{"line":57,"column":24}},"loc":{"start":{"line":57,"column":40},"end":{"line":99,"column":1}},"line":57},"4":{"name":"(anonymous_4)","decl":{"start":{"line":60,"column":10},"end":{"line":60,"column":11}},"loc":{"start":{"line":60,"column":26},"end":{"line":95,"column":5}},"line":60},"5":{"name":"(anonymous_5)","decl":{"start":{"line":61,"column":35},"end":{"line":61,"column":36}},"loc":{"start":{"line":61,"column":41},"end":{"line":94,"column":7}},"line":61},"6":{"name":"(anonymous_6)","decl":{"start":{"line":66,"column":41},"end":{"line":66,"column":42}},"loc":{"start":{"line":66,"column":47},"end":{"line":93,"column":9}},"line":66},"7":{"name":"(anonymous_7)","decl":{"start":{"line":96,"column":11},"end":{"line":96,"column":12}},"loc":{"start":{"line":96,"column":20},"end":{"line":98,"column":5}},"line":96},"8":{"name":"checkValidServiceWorker","decl":{"start":{"line":101,"column":9},"end":{"line":101,"column":32}},"loc":{"start":{"line":101,"column":48},"end":{"line":129,"column":1}},"line":101},"9":{"name":"(anonymous_9)","decl":{"start":{"line":106,"column":10},"end":{"line":106,"column":11}},"loc":{"start":{"line":106,"column":22},"end":{"line":123,"column":5}},"line":106},"10":{"name":"(anonymous_10)","decl":{"start":{"line":114,"column":43},"end":{"line":114,"column":44}},"loc":{"start":{"line":114,"column":59},"end":{"line":118,"column":9}},"line":114},"11":{"name":"(anonymous_11)","decl":{"start":{"line":115,"column":41},"end":{"line":115,"column":42}},"loc":{"start":{"line":115,"column":47},"end":{"line":117,"column":11}},"line":115},"12":{"name":"(anonymous_12)","decl":{"start":{"line":124,"column":11},"end":{"line":124,"column":12}},"loc":{"start":{"line":124,"column":17},"end":{"line":128,"column":5}},"line":124},"13":{"name":"unregister","decl":{"start":{"line":131,"column":16},"end":{"line":131,"column":26}},"loc":{"start":{"line":131,"column":29},"end":{"line":137,"column":1}},"line":131},"14":{"name":"(anonymous_14)","decl":{"start":{"line":133,"column":39},"end":{"line":133,"column":40}},"loc":{"start":{"line":133,"column":55},"end":{"line":135,"column":5}},"line":133}},"branchMap":{"0":{"loc":{"start":{"line":14,"column":2},"end":{"line":20,"column":5}},"type":"binary-expr","locations":[{"start":{"line":14,"column":2},"end":{"line":14,"column":42}},{"start":{"line":16,"column":4},"end":{"line":16,"column":40}},{"start":{"line":18,"column":4},"end":{"line":20,"column":5}}],"line":14},"1":{"loc":{"start":{"line":24,"column":2},"end":{"line":54,"column":3}},"type":"if","locations":[{"start":{"line":24,"column":2},"end":{"line":54,"column":3}},{"start":{"line":24,"column":2},"end":{"line":54,"column":3}}],"line":24},"2":{"loc":{"start":{"line":24,"column":6},"end":{"line":24,"column":75}},"type":"binary-expr","locations":[{"start":{"line":24,"column":6},"end":{"line":24,"column":43}},{"start":{"line":24,"column":47},"end":{"line":24,"column":75}}],"line":24},"3":{"loc":{"start":{"line":27,"column":4},"end":{"line":32,"column":5}},"type":"if","locations":[{"start":{"line":27,"column":4},"end":{"line":32,"column":5}},{"start":{"line":27,"column":4},"end":{"line":32,"column":5}}],"line":27},"4":{"loc":{"start":{"line":37,"column":6},"end":{"line":52,"column":7}},"type":"if","locations":[{"start":{"line":37,"column":6},"end":{"line":52,"column":7}},{"start":{"line":37,"column":6},"end":{"line":52,"column":7}}],"line":37},"5":{"loc":{"start":{"line":63,"column":8},"end":{"line":65,"column":9}},"type":"if","locations":[{"start":{"line":63,"column":8},"end":{"line":65,"column":9}},{"start":{"line":63,"column":8},"end":{"line":65,"column":9}}],"line":63},"6":{"loc":{"start":{"line":67,"column":10},"end":{"line":92,"column":11}},"type":"if","locations":[{"start":{"line":67,"column":10},"end":{"line":92,"column":11}},{"start":{"line":67,"column":10},"end":{"line":92,"column":11}}],"line":67},"7":{"loc":{"start":{"line":68,"column":12},"end":{"line":91,"column":13}},"type":"if","locations":[{"start":{"line":68,"column":12},"end":{"line":91,"column":13}},{"start":{"line":68,"column":12},"end":{"line":91,"column":13}}],"line":68},"8":{"loc":{"start":{"line":78,"column":14},"end":{"line":80,"column":15}},"type":"if","locations":[{"start":{"line":78,"column":14},"end":{"line":80,"column":15}},{"start":{"line":78,"column":14},"end":{"line":80,"column":15}}],"line":78},"9":{"loc":{"start":{"line":78,"column":18},"end":{"line":78,"column":43}},"type":"binary-expr","locations":[{"start":{"line":78,"column":18},"end":{"line":78,"column":24}},{"start":{"line":78,"column":28},"end":{"line":78,"column":43}}],"line":78},"10":{"loc":{"start":{"line":88,"column":14},"end":{"line":90,"column":15}},"type":"if","locations":[{"start":{"line":88,"column":14},"end":{"line":90,"column":15}},{"start":{"line":88,"column":14},"end":{"line":90,"column":15}}],"line":88},"11":{"loc":{"start":{"line":88,"column":18},"end":{"line":88,"column":44}},"type":"binary-expr","locations":[{"start":{"line":88,"column":18},"end":{"line":88,"column":24}},{"start":{"line":88,"column":28},"end":{"line":88,"column":44}}],"line":88},"12":{"loc":{"start":{"line":109,"column":6},"end":{"line":122,"column":7}},"type":"if","locations":[{"start":{"line":109,"column":6},"end":{"line":122,"column":7}},{"start":{"line":109,"column":6},"end":{"line":122,"column":7}}],"line":109},"13":{"loc":{"start":{"line":110,"column":8},"end":{"line":111,"column":73}},"type":"binary-expr","locations":[{"start":{"line":110,"column":8},"end":{"line":110,"column":31}},{"start":{"line":111,"column":9},"end":{"line":111,"column":28}},{"start":{"line":111,"column":32},"end":{"line":111,"column":72}}],"line":110},"14":{"loc":{"start":{"line":132,"column":2},"end":{"line":136,"column":3}},"type":"if","locations":[{"start":{"line":132,"column":2},"end":{"line":136,"column":3}},{"start":{"line":132,"column":2},"end":{"line":136,"column":3}}],"line":132}},"s":{"0":0,"1":0,"2":0,"3":0,"4":0,"5":0,"6":0,"7":0,"8":0,"9":0,"10":0,"11":0,"12":0,"13":0,"14":0,"15":0,"16":0,"17":0,"18":0,"19":0,"20":0,"21":0,"22":0,"23":0,"24":0,"25":0,"26":0,"27":0,"28":0,"29":0,"30":0,"31":0,"32":0,"33":0,"34":0,"35":0,"36":0,"37":0},"f":{"0":0,"1":0,"2":0,"3":0,"4":0,"5":0,"6":0,"7":0,"8":0,"9":0,"10":0,"11":0,"12":0,"13":0,"14":0},"b":{"0":[0,0,0],"1":[0,0],"2":[0,0],"3":[0,0],"4":[0,0],"5":[0,0],"6":[0,0],"7":[0,0],"8":[0,0],"9":[0,0],"10":[0,0],"11":[0,0],"12":[0,0],"13":[0,0,0],"14":[0,0]},"hash":"3c9cfee7b0a578dddf188042878c526be68eef49"}
,"/Users/srochlen/Desktop/cancer-survey/src/components/cancerEntries/index.js": {"path":"/Users/srochlen/Desktop/cancer-survey/src/components/cancerEntries/index.js","statementMap":{"0":{"start":{"line":10,"column":79},"end":{"line":10,"column":84}},"1":{"start":{"line":11,"column":16},"end":{"line":11,"column":32}},"2":{"start":{"line":13,"column":28},"end":{"line":24,"column":4}},"3":{"start":{"line":14,"column":4},"end":{"line":23,"column":6}},"4":{"start":{"line":26,"column":2},"end":{"line":47,"column":4}},"5":{"start":{"line":31,"column":23},"end":{"line":31,"column":51}},"6":{"start":{"line":58,"column":0},"end":{"line":64,"column":2}},"7":{"start":{"line":66,"column":0},"end":{"line":68,"column":2}}},"fnMap":{"0":{"name":"CancerEntries","decl":{"start":{"line":9,"column":9},"end":{"line":9,"column":22}},"loc":{"start":{"line":9,"column":30},"end":{"line":48,"column":1}},"line":9},"1":{"name":"(anonymous_1)","decl":{"start":{"line":13,"column":40},"end":{"line":13,"column":41}},"loc":{"start":{"line":13,"column":59},"end":{"line":24,"column":3}},"line":13},"2":{"name":"(anonymous_2)","decl":{"start":{"line":31,"column":17},"end":{"line":31,"column":18}},"loc":{"start":{"line":31,"column":23},"end":{"line":31,"column":51}},"line":31}},"branchMap":{"0":{"loc":{"start":{"line":39,"column":7},"end":{"line":45,"column":7}},"type":"binary-expr","locations":[{"start":{"line":39,"column":7},"end":{"line":39,"column":35}},{"start":{"line":40,"column":6},"end":{"line":44,"column":12}}],"line":39}},"s":{"0":3,"1":3,"2":3,"3":0,"4":3,"5":1,"6":2,"7":2},"f":{"0":3,"1":0,"2":1},"b":{"0":[3,0]},"_coverageSchema":"43e27e138ebf9cfc5966b082cf9a028302ed4184","hash":"56b243262bafee3d4e9c4928abb93256176843dc"}
,"/Users/srochlen/Desktop/cancer-survey/src/components/cancerEntry/index.js": {"path":"/Users/srochlen/Desktop/cancer-survey/src/components/cancerEntry/index.js","statementMap":{"0":{"start":{"line":10,"column":68},"end":{"line":10,"column":73}},"1":{"start":{"line":11,"column":16},"end":{"line":11,"column":32}},"2":{"start":{"line":12,"column":27},"end":{"line":12,"column":29}},"3":{"start":{"line":14,"column":2},"end":{"line":15,"column":83}},"4":{"start":{"line":14,"column":15},"end":{"line":14,"column":16}},"5":{"start":{"line":15,"column":4},"end":{"line":15,"column":83}},"6":{"start":{"line":17,"column":22},"end":{"line":24,"column":3}},"7":{"start":{"line":26,"column":24},"end":{"line":32,"column":4}},"8":{"start":{"line":27,"column":4},"end":{"line":28,"column":16}},"9":{"start":{"line":28,"column":6},"end":{"line":28,"column":16}},"10":{"start":{"line":29,"column":4},"end":{"line":30,"column":15}},"11":{"start":{"line":30,"column":6},"end":{"line":30,"column":15}},"12":{"start":{"line":31,"column":4},"end":{"line":31,"column":13}},"13":{"start":{"line":34,"column":24},"end":{"line":34,"column":131}},"14":{"start":{"line":34,"column":54},"end":{"line":34,"column":130}},"15":{"start":{"line":36,"column":2},"end":{"line":67,"column":4}},"16":{"start":{"line":62,"column":23},"end":{"line":62,"column":65}},"17":{"start":{"line":78,"column":0},"end":{"line":84,"column":2}},"18":{"start":{"line":86,"column":0},"end":{"line":88,"column":2}}},"fnMap":{"0":{"name":"CancerEntry","decl":{"start":{"line":9,"column":9},"end":{"line":9,"column":20}},"loc":{"start":{"line":9,"column":28},"end":{"line":68,"column":1}},"line":9},"1":{"name":"(anonymous_1)","decl":{"start":{"line":26,"column":41},"end":{"line":26,"column":42}},"loc":{"start":{"line":26,"column":51},"end":{"line":32,"column":3}},"line":26},"2":{"name":"(anonymous_2)","decl":{"start":{"line":34,"column":42},"end":{"line":34,"column":43}},"loc":{"start":{"line":34,"column":54},"end":{"line":34,"column":130}},"line":34},"3":{"name":"(anonymous_3)","decl":{"start":{"line":62,"column":17},"end":{"line":62,"column":18}},"loc":{"start":{"line":62,"column":23},"end":{"line":62,"column":65}},"line":62}},"branchMap":{"0":{"loc":{"start":{"line":27,"column":4},"end":{"line":28,"column":16}},"type":"if","locations":[{"start":{"line":27,"column":4},"end":{"line":28,"column":16}},{"start":{"line":27,"column":4},"end":{"line":28,"column":16}}],"line":27},"1":{"loc":{"start":{"line":29,"column":4},"end":{"line":30,"column":15}},"type":"if","locations":[{"start":{"line":29,"column":4},"end":{"line":30,"column":15}},{"start":{"line":29,"column":4},"end":{"line":30,"column":15}}],"line":29},"2":{"loc":{"start":{"line":40,"column":16},"end":{"line":40,"column":104}},"type":"cond-expr","locations":[{"start":{"line":40,"column":41},"end":{"line":40,"column":77}},{"start":{"line":40,"column":80},"end":{"line":40,"column":104}}],"line":40},"3":{"loc":{"start":{"line":51,"column":16},"end":{"line":51,"column":112}},"type":"cond-expr","locations":[{"start":{"line":51,"column":41},"end":{"line":51,"column":81}},{"start":{"line":51,"column":84},"end":{"line":51,"column":112}}],"line":51}},"s":{"0":7,"1":7,"2":7,"3":7,"4":7,"5":847,"6":7,"7":7,"8":35,"9":35,"10":0,"11":0,"12":0,"13":7,"14":42,"15":7,"16":1,"17":3,"18":3},"f":{"0":7,"1":35,"2":42,"3":1},"b":{"0":[35,0],"1":[0,0],"2":[3,4],"3":[3,4]},"_coverageSchema":"43e27e138ebf9cfc5966b082cf9a028302ed4184","hash":"0a2cbd7d9e9fdcd695502d08ab82d0bc61482130"}
,"/Users/srochlen/Desktop/cancer-survey/src/components/changeLanguage/index.js": {"path":"/Users/srochlen/Desktop/cancer-survey/src/components/changeLanguage/index.js","statementMap":{"0":{"start":{"line":8,"column":19},"end":{"line":8,"column":35}},"1":{"start":{"line":10,"column":25},"end":{"line":12,"column":3}},"2":{"start":{"line":11,"column":4},"end":{"line":11,"column":29}},"3":{"start":{"line":14,"column":2},"end":{"line":31,"column":4}},"4":{"start":{"line":18,"column":25},"end":{"line":18,"column":46}},"5":{"start":{"line":25,"column":25},"end":{"line":25,"column":46}}},"fnMap":{"0":{"name":"ChangeLanguage","decl":{"start":{"line":7,"column":9},"end":{"line":7,"column":23}},"loc":{"start":{"line":7,"column":26},"end":{"line":32,"column":1}},"line":7},"1":{"name":"(anonymous_1)","decl":{"start":{"line":10,"column":25},"end":{"line":10,"column":26}},"loc":{"start":{"line":10,"column":34},"end":{"line":12,"column":3}},"line":10},"2":{"name":"(anonymous_2)","decl":{"start":{"line":18,"column":17},"end":{"line":18,"column":18}},"loc":{"start":{"line":18,"column":23},"end":{"line":18,"column":48}},"line":18},"3":{"name":"(anonymous_3)","decl":{"start":{"line":25,"column":17},"end":{"line":25,"column":18}},"loc":{"start":{"line":25,"column":23},"end":{"line":25,"column":48}},"line":25}},"branchMap":{"0":{"loc":{"start":{"line":17,"column":19},"end":{"line":17,"column":59}},"type":"cond-expr","locations":[{"start":{"line":17,"column":44},"end":{"line":17,"column":54}},{"start":{"line":17,"column":57},"end":{"line":17,"column":59}}],"line":17},"1":{"loc":{"start":{"line":24,"column":19},"end":{"line":24,"column":59}},"type":"cond-expr","locations":[{"start":{"line":24,"column":44},"end":{"line":24,"column":54}},{"start":{"line":24,"column":57},"end":{"line":24,"column":59}}],"line":24}},"s":{"0":0,"1":0,"2":0,"3":0,"4":0,"5":0},"f":{"0":0,"1":0,"2":0,"3":0},"b":{"0":[0,0],"1":[0,0]},"_coverageSchema":"43e27e138ebf9cfc5966b082cf9a028302ed4184","hash":"ee583b815df206099aeaecfaa1b0c4c128bfe3cb"}
,"/Users/srochlen/Desktop/cancer-survey/src/components/dateOfBirth/index.js": {"path":"/Users/srochlen/Desktop/cancer-survey/src/components/dateOfBirth/index.js","statementMap":{"0":{"start":{"line":10,"column":60},"end":{"line":10,"column":65}},"1":{"start":{"line":11,"column":16},"end":{"line":11,"column":32}},"2":{"start":{"line":12,"column":15},"end":{"line":12,"column":17}},"3":{"start":{"line":13,"column":17},"end":{"line":13,"column":19}},"4":{"start":{"line":14,"column":16},"end":{"line":14,"column":18}},"5":{"start":{"line":16,"column":2},"end":{"line":17,"column":71}},"6":{"start":{"line":16,"column":15},"end":{"line":16,"column":16}},"7":{"start":{"line":17,"column":4},"end":{"line":17,"column":71}},"8":{"start":{"line":19,"column":2},"end":{"line":20,"column":73}},"9":{"start":{"line":19,"column":15},"end":{"line":19,"column":16}},"10":{"start":{"line":20,"column":4},"end":{"line":20,"column":73}},"11":{"start":{"line":22,"column":2},"end":{"line":23,"column":72}},"12":{"start":{"line":22,"column":15},"end":{"line":22,"column":39}},"13":{"start":{"line":23,"column":4},"end":{"line":23,"column":72}},"14":{"start":{"line":25,"column":2},"end":{"line":62,"column":4}},"15":{"start":{"line":72,"column":0},"end":{"line":77,"column":2}}},"fnMap":{"0":{"name":"DateOfBirth","decl":{"start":{"line":9,"column":9},"end":{"line":9,"column":20}},"loc":{"start":{"line":9,"column":28},"end":{"line":63,"column":1}},"line":9}},"branchMap":{},"s":{"0":0,"1":0,"2":0,"3":0,"4":0,"5":0,"6":0,"7":0,"8":0,"9":0,"10":0,"11":0,"12":0,"13":0,"14":0,"15":1},"f":{"0":0},"b":{},"_coverageSchema":"43e27e138ebf9cfc5966b082cf9a028302ed4184","hash":"d8027602ad4241f4e1eacc5fc59636828cb5dbf1"}
,"/Users/srochlen/Desktop/cancer-survey/src/components/familyEntries/index.js": {"path":"/Users/srochlen/Desktop/cancer-survey/src/components/familyEntries/index.js","statementMap":{"0":{"start":{"line":10,"column":85},"end":{"line":10,"column":90}},"1":{"start":{"line":11,"column":16},"end":{"line":11,"column":32}},"2":{"start":{"line":13,"column":27},"end":{"line":24,"column":4}},"3":{"start":{"line":14,"column":4},"end":{"line":23,"column":6}},"4":{"start":{"line":26,"column":2},"end":{"line":45,"column":4}},"5":{"start":{"line":57,"column":0},"end":{"line":63,"column":2}}},"fnMap":{"0":{"name":"FamilyEntries","decl":{"start":{"line":9,"column":9},"end":{"line":9,"column":22}},"loc":{"start":{"line":9,"column":30},"end":{"line":46,"column":1}},"line":9},"1":{"name":"(anonymous_1)","decl":{"start":{"line":13,"column":38},"end":{"line":13,"column":39}},"loc":{"start":{"line":13,"column":50},"end":{"line":24,"column":3}},"line":13}},"branchMap":{"0":{"loc":{"start":{"line":39,"column":7},"end":{"line":43,"column":7}},"type":"binary-expr","locations":[{"start":{"line":39,"column":7},"end":{"line":39,"column":34}},{"start":{"line":40,"column":6},"end":{"line":42,"column":12}}],"line":39}},"s":{"0":0,"1":0,"2":0,"3":0,"4":0,"5":1},"f":{"0":0,"1":0},"b":{"0":[0,0]},"_coverageSchema":"43e27e138ebf9cfc5966b082cf9a028302ed4184","hash":"a59df8f575d9521a46258401d2ebc7a03acd4db5"}
,"/Users/srochlen/Desktop/cancer-survey/src/components/familyEntry/index.js": {"path":"/Users/srochlen/Desktop/cancer-survey/src/components/familyEntry/index.js","statementMap":{"0":{"start":{"line":14,"column":76},"end":{"line":14,"column":81}},"1":{"start":{"line":15,"column":16},"end":{"line":15,"column":32}},"2":{"start":{"line":16,"column":21},"end":{"line":16,"column":23}},"3":{"start":{"line":18,"column":2},"end":{"line":19,"column":77}},"4":{"start":{"line":18,"column":15},"end":{"line":18,"column":16}},"5":{"start":{"line":19,"column":4},"end":{"line":19,"column":77}},"6":{"start":{"line":21,"column":19},"end":{"line":21,"column":62}},"7":{"start":{"line":21,"column":43},"end":{"line":21,"column":61}},"8":{"start":{"line":23,"column":2},"end":{"line":86,"column":4}},"9":{"start":{"line":28,"column":25},"end":{"line":28,"column":56}},"10":{"start":{"line":97,"column":0},"end":{"line":103,"column":2}}},"fnMap":{"0":{"name":"FamilyEntry","decl":{"start":{"line":13,"column":9},"end":{"line":13,"column":20}},"loc":{"start":{"line":13,"column":28},"end":{"line":87,"column":1}},"line":13},"1":{"name":"(anonymous_1)","decl":{"start":{"line":21,"column":36},"end":{"line":21,"column":37}},"loc":{"start":{"line":21,"column":43},"end":{"line":21,"column":61}},"line":21},"2":{"name":"(anonymous_2)","decl":{"start":{"line":28,"column":19},"end":{"line":28,"column":20}},"loc":{"start":{"line":28,"column":25},"end":{"line":28,"column":56}},"line":28}},"branchMap":{},"s":{"0":0,"1":0,"2":0,"3":0,"4":0,"5":0,"6":0,"7":0,"8":0,"9":0,"10":1},"f":{"0":0,"1":0,"2":0},"b":{},"_coverageSchema":"43e27e138ebf9cfc5966b082cf9a028302ed4184","hash":"92d47e739499c8335b276a62836a28dbc43c87b3"}
,"/Users/srochlen/Desktop/cancer-survey/src/components/footer/index.js": {"path":"/Users/srochlen/Desktop/cancer-survey/src/components/footer/index.js","statementMap":{"0":{"start":{"line":8,"column":16},"end":{"line":8,"column":32}},"1":{"start":{"line":10,"column":2},"end":{"line":29,"column":4}}},"fnMap":{"0":{"name":"Footer","decl":{"start":{"line":7,"column":9},"end":{"line":7,"column":15}},"loc":{"start":{"line":7,"column":18},"end":{"line":30,"column":1}},"line":7}},"branchMap":{},"s":{"0":0,"1":0},"f":{"0":0},"b":{},"_coverageSchema":"43e27e138ebf9cfc5966b082cf9a028302ed4184","hash":"dc2c46c2c355ceb2ffbe1ef1191840d7dbfed030"}
,"/Users/srochlen/Desktop/cancer-survey/src/components/gender/index.js": {"path":"/Users/srochlen/Desktop/cancer-survey/src/components/gender/index.js","statementMap":{"0":{"start":{"line":9,"column":37},"end":{"line":9,"column":42}},"1":{"start":{"line":10,"column":16},"end":{"line":10,"column":32}},"2":{"start":{"line":11,"column":21},"end":{"line":11,"column":77}},"3":{"start":{"line":12,"column":21},"end":{"line":12,"column":87}},"4":{"start":{"line":13,"column":23},"end":{"line":13,"column":93}},"5":{"start":{"line":15,"column":2},"end":{"line":42,"column":4}},"6":{"start":{"line":50,"column":0},"end":{"line":53,"column":2}},"7":{"start":{"line":55,"column":0},"end":{"line":57,"column":2}}},"fnMap":{"0":{"name":"Gender","decl":{"start":{"line":8,"column":9},"end":{"line":8,"column":15}},"loc":{"start":{"line":8,"column":23},"end":{"line":43,"column":1}},"line":8}},"branchMap":{"0":{"loc":{"start":{"line":11,"column":21},"end":{"line":11,"column":77}},"type":"cond-expr","locations":[{"start":{"line":11,"column":46},"end":{"line":11,"column":66}},{"start":{"line":11,"column":69},"end":{"line":11,"column":77}}],"line":11},"1":{"loc":{"start":{"line":12,"column":21},"end":{"line":12,"column":87}},"type":"cond-expr","locations":[{"start":{"line":12,"column":46},"end":{"line":12,"column":71}},{"start":{"line":12,"column":74},"end":{"line":12,"column":87}}],"line":12},"2":{"loc":{"start":{"line":13,"column":23},"end":{"line":13,"column":93}},"type":"cond-expr","locations":[{"start":{"line":13,"column":48},"end":{"line":13,"column":75}},{"start":{"line":13,"column":78},"end":{"line":13,"column":93}}],"line":13}},"s":{"0":0,"1":0,"2":0,"3":0,"4":0,"5":0,"6":1,"7":1},"f":{"0":0},"b":{"0":[0,0],"1":[0,0],"2":[0,0]},"_coverageSchema":"43e27e138ebf9cfc5966b082cf9a028302ed4184","hash":"70d866df7eea8fa0980edc4699dbe4b301b1392e"}
,"/Users/srochlen/Desktop/cancer-survey/src/components/motherFatherIds/index.js": {"path":"/Users/srochlen/Desktop/cancer-survey/src/components/motherFatherIds/index.js","statementMap":{"0":{"start":{"line":9,"column":65},"end":{"line":9,"column":70}},"1":{"start":{"line":10,"column":16},"end":{"line":10,"column":32}},"2":{"start":{"line":13,"column":34},"end":{"line":19,"column":4}},"3":{"start":{"line":14,"column":4},"end":{"line":15,"column":97}},"4":{"start":{"line":15,"column":6},"end":{"line":15,"column":97}},"5":{"start":{"line":16,"column":4},"end":{"line":17,"column":23}},"6":{"start":{"line":17,"column":6},"end":{"line":17,"column":23}},"7":{"start":{"line":18,"column":4},"end":{"line":18,"column":58}},"8":{"start":{"line":21,"column":32},"end":{"line":27,"column":4}},"9":{"start":{"line":22,"column":4},"end":{"line":23,"column":95}},"10":{"start":{"line":23,"column":6},"end":{"line":23,"column":95}},"11":{"start":{"line":24,"column":4},"end":{"line":25,"column":23}},"12":{"start":{"line":25,"column":6},"end":{"line":25,"column":23}},"13":{"start":{"line":26,"column":4},"end":{"line":26,"column":56}},"14":{"start":{"line":30,"column":26},"end":{"line":32,"column":4}},"15":{"start":{"line":31,"column":4},"end":{"line":31,"column":78}},"16":{"start":{"line":33,"column":26},"end":{"line":35,"column":4}},"17":{"start":{"line":34,"column":4},"end":{"line":34,"column":78}},"18":{"start":{"line":37,"column":2},"end":{"line":71,"column":4}},"19":{"start":{"line":80,"column":0},"end":{"line":84,"column":2}},"20":{"start":{"line":86,"column":0},"end":{"line":88,"column":2}}},"fnMap":{"0":{"name":"MotherFatherIds","decl":{"start":{"line":8,"column":9},"end":{"line":8,"column":24}},"loc":{"start":{"line":8,"column":32},"end":{"line":72,"column":1}},"line":8},"1":{"name":"(anonymous_1)","decl":{"start":{"line":13,"column":48},"end":{"line":13,"column":49}},"loc":{"start":{"line":13,"column":60},"end":{"line":19,"column":3}},"line":13},"2":{"name":"(anonymous_2)","decl":{"start":{"line":21,"column":46},"end":{"line":21,"column":47}},"loc":{"start":{"line":21,"column":58},"end":{"line":27,"column":3}},"line":21},"3":{"name":"(anonymous_3)","decl":{"start":{"line":30,"column":54},"end":{"line":30,"column":55}},"loc":{"start":{"line":30,"column":66},"end":{"line":32,"column":3}},"line":30},"4":{"name":"(anonymous_4)","decl":{"start":{"line":33,"column":52},"end":{"line":33,"column":53}},"loc":{"start":{"line":33,"column":64},"end":{"line":35,"column":3}},"line":33}},"branchMap":{"0":{"loc":{"start":{"line":14,"column":4},"end":{"line":15,"column":97}},"type":"if","locations":[{"start":{"line":14,"column":4},"end":{"line":15,"column":97}},{"start":{"line":14,"column":4},"end":{"line":15,"column":97}}],"line":14},"1":{"loc":{"start":{"line":15,"column":13},"end":{"line":15,"column":96}},"type":"binary-expr","locations":[{"start":{"line":15,"column":13},"end":{"line":15,"column":39}},{"start":{"line":15,"column":43},"end":{"line":15,"column":59}},{"start":{"line":15,"column":63},"end":{"line":15,"column":96}}],"line":15},"2":{"loc":{"start":{"line":16,"column":4},"end":{"line":17,"column":23}},"type":"if","locations":[{"start":{"line":16,"column":4},"end":{"line":17,"column":23}},{"start":{"line":16,"column":4},"end":{"line":17,"column":23}}],"line":16},"3":{"loc":{"start":{"line":18,"column":11},"end":{"line":18,"column":57}},"type":"binary-expr","locations":[{"start":{"line":18,"column":11},"end":{"line":18,"column":37}},{"start":{"line":18,"column":41},"end":{"line":18,"column":57}}],"line":18},"4":{"loc":{"start":{"line":22,"column":4},"end":{"line":23,"column":95}},"type":"if","locations":[{"start":{"line":22,"column":4},"end":{"line":23,"column":95}},{"start":{"line":22,"column":4},"end":{"line":23,"column":95}}],"line":22},"5":{"loc":{"start":{"line":23,"column":13},"end":{"line":23,"column":94}},"type":"binary-expr","locations":[{"start":{"line":23,"column":13},"end":{"line":23,"column":37}},{"start":{"line":23,"column":41},"end":{"line":23,"column":57}},{"start":{"line":23,"column":61},"end":{"line":23,"column":94}}],"line":23},"6":{"loc":{"start":{"line":24,"column":4},"end":{"line":25,"column":23}},"type":"if","locations":[{"start":{"line":24,"column":4},"end":{"line":25,"column":23}},{"start":{"line":24,"column":4},"end":{"line":25,"column":23}}],"line":24},"7":{"loc":{"start":{"line":26,"column":11},"end":{"line":26,"column":55}},"type":"binary-expr","locations":[{"start":{"line":26,"column":11},"end":{"line":26,"column":35}},{"start":{"line":26,"column":39},"end":{"line":26,"column":55}}],"line":26},"8":{"loc":{"start":{"line":42,"column":9},"end":{"line":53,"column":9}},"type":"binary-expr","locations":[{"start":{"line":42,"column":9},"end":{"line":42,"column":35}},{"start":{"line":43,"column":8},"end":{"line":52,"column":14}}],"line":42},"9":{"loc":{"start":{"line":45,"column":18},"end":{"line":45,"column":78}},"type":"cond-expr","locations":[{"start":{"line":45,"column":43},"end":{"line":45,"column":65}},{"start":{"line":45,"column":68},"end":{"line":45,"column":78}}],"line":45},"10":{"loc":{"start":{"line":54,"column":9},"end":{"line":65,"column":9}},"type":"binary-expr","locations":[{"start":{"line":54,"column":9},"end":{"line":54,"column":35}},{"start":{"line":55,"column":8},"end":{"line":64,"column":14}}],"line":54},"11":{"loc":{"start":{"line":57,"column":18},"end":{"line":57,"column":78}},"type":"cond-expr","locations":[{"start":{"line":57,"column":43},"end":{"line":57,"column":65}},{"start":{"line":57,"column":68},"end":{"line":57,"column":78}}],"line":57},"12":{"loc":{"start":{"line":66,"column":9},"end":{"line":68,"column":9}},"type":"binary-expr","locations":[{"start":{"line":66,"column":9},"end":{"line":66,"column":37}},{"start":{"line":66,"column":41},"end":{"line":66,"column":69}},{"start":{"line":67,"column":8},"end":{"line":67,"column":43}}],"line":66}},"s":{"0":0,"1":0,"2":0,"3":0,"4":0,"5":0,"6":0,"7":0,"8":0,"9":0,"10":0,"11":0,"12":0,"13":0,"14":0,"15":0,"16":0,"17":0,"18":0,"19":1,"20":1},"f":{"0":0,"1":0,"2":0,"3":0,"4":0},"b":{"0":[0,0],"1":[0,0,0],"2":[0,0],"3":[0,0],"4":[0,0],"5":[0,0,0],"6":[0,0],"7":[0,0],"8":[0,0],"9":[0,0],"10":[0,0],"11":[0,0],"12":[0,0,0]},"_coverageSchema":"43e27e138ebf9cfc5966b082cf9a028302ed4184","hash":"08dffa6d7eca53403a889baec8ce723245da6d0b"}
,"/Users/srochlen/Desktop/cancer-survey/src/components/name/index.js": {"path":"/Users/srochlen/Desktop/cancer-survey/src/components/name/index.js","statementMap":{"0":{"start":{"line":9,"column":48},"end":{"line":9,"column":53}},"1":{"start":{"line":10,"column":16},"end":{"line":10,"column":32}},"2":{"start":{"line":12,"column":2},"end":{"line":34,"column":4}},"3":{"start":{"line":43,"column":0},"end":{"line":47,"column":2}}},"fnMap":{"0":{"name":"Name","decl":{"start":{"line":8,"column":9},"end":{"line":8,"column":13}},"loc":{"start":{"line":8,"column":21},"end":{"line":35,"column":1}},"line":8}},"branchMap":{},"s":{"0":0,"1":0,"2":0,"3":1},"f":{"0":0},"b":{},"_coverageSchema":"43e27e138ebf9cfc5966b082cf9a028302ed4184","hash":"b4533e9fff752d83681c414e6d77b4e6a42df917"}
,"/Users/srochlen/Desktop/cancer-survey/src/components/relationship/index.js": {"path":"/Users/srochlen/Desktop/cancer-survey/src/components/relationship/index.js","statementMap":{"0":{"start":{"line":10,"column":45},"end":{"line":10,"column":50}},"1":{"start":{"line":11,"column":16},"end":{"line":11,"column":32}},"2":{"start":{"line":12,"column":21},"end":{"line":12,"column":23}},"3":{"start":{"line":14,"column":2},"end":{"line":15,"column":77}},"4":{"start":{"line":14,"column":15},"end":{"line":14,"column":16}},"5":{"start":{"line":15,"column":4},"end":{"line":15,"column":77}},"6":{"start":{"line":17,"column":27},"end":{"line":41,"column":3}},"7":{"start":{"line":43,"column":30},"end":{"line":49,"column":4}},"8":{"start":{"line":44,"column":4},"end":{"line":45,"column":16}},"9":{"start":{"line":45,"column":6},"end":{"line":45,"column":16}},"10":{"start":{"line":46,"column":4},"end":{"line":47,"column":15}},"11":{"start":{"line":47,"column":6},"end":{"line":47,"column":15}},"12":{"start":{"line":48,"column":4},"end":{"line":48,"column":13}},"13":{"start":{"line":51,"column":30},"end":{"line":51,"column":161}},"14":{"start":{"line":51,"column":72},"end":{"line":51,"column":160}},"15":{"start":{"line":53,"column":2},"end":{"line":67,"column":4}},"16":{"start":{"line":76,"column":0},"end":{"line":80,"column":2}}},"fnMap":{"0":{"name":"Relationship","decl":{"start":{"line":9,"column":9},"end":{"line":9,"column":21}},"loc":{"start":{"line":9,"column":29},"end":{"line":68,"column":1}},"line":9},"1":{"name":"(anonymous_1)","decl":{"start":{"line":43,"column":52},"end":{"line":43,"column":53}},"loc":{"start":{"line":43,"column":62},"end":{"line":49,"column":3}},"line":43},"2":{"name":"(anonymous_2)","decl":{"start":{"line":51,"column":54},"end":{"line":51,"column":55}},"loc":{"start":{"line":51,"column":72},"end":{"line":51,"column":160}},"line":51}},"branchMap":{"0":{"loc":{"start":{"line":44,"column":4},"end":{"line":45,"column":16}},"type":"if","locations":[{"start":{"line":44,"column":4},"end":{"line":45,"column":16}},{"start":{"line":44,"column":4},"end":{"line":45,"column":16}}],"line":44},"1":{"loc":{"start":{"line":46,"column":4},"end":{"line":47,"column":15}},"type":"if","locations":[{"start":{"line":46,"column":4},"end":{"line":47,"column":15}},{"start":{"line":46,"column":4},"end":{"line":47,"column":15}}],"line":46}},"s":{"0":0,"1":0,"2":0,"3":0,"4":0,"5":0,"6":0,"7":0,"8":0,"9":0,"10":0,"11":0,"12":0,"13":0,"14":0,"15":0,"16":1},"f":{"0":0,"1":0,"2":0},"b":{"0":[0,0],"1":[0,0]},"_coverageSchema":"43e27e138ebf9cfc5966b082cf9a028302ed4184","hash":"3b519abd7ca75789f36f29f05ea26e34d8a79231"}
,"/Users/srochlen/Desktop/cancer-survey/src/components/root/index.js": {"path":"/Users/srochlen/Desktop/cancer-survey/src/components/root/index.js","statementMap":{"0":{"start":{"line":20,"column":4},"end":{"line":20,"column":17}},"1":{"start":{"line":22,"column":4},"end":{"line":35,"column":6}},"2":{"start":{"line":42,"column":23},"end":{"line":57,"column":3}},"3":{"start":{"line":43,"column":32},"end":{"line":43,"column":42}},"4":{"start":{"line":44,"column":25},"end":{"line":44,"column":87}},"5":{"start":{"line":47,"column":4},"end":{"line":56,"column":5}},"6":{"start":{"line":48,"column":6},"end":{"line":48,"column":50}},"7":{"start":{"line":50,"column":6},"end":{"line":50,"column":32}},"8":{"start":{"line":53,"column":6},"end":{"line":53,"column":33}},"9":{"start":{"line":55,"column":6},"end":{"line":55,"column":33}},"10":{"start":{"line":62,"column":20},"end":{"line":68,"column":3}},"11":{"start":{"line":63,"column":23},"end":{"line":63,"column":33}},"12":{"start":{"line":65,"column":4},"end":{"line":65,"column":138}},"13":{"start":{"line":67,"column":4},"end":{"line":67,"column":30}},"14":{"start":{"line":74,"column":17},"end":{"line":111,"column":3}},"15":{"start":{"line":75,"column":32},"end":{"line":75,"column":42}},"16":{"start":{"line":76,"column":23},"end":{"line":76,"column":24}},"17":{"start":{"line":77,"column":18},"end":{"line":77,"column":76}},"18":{"start":{"line":78,"column":22},"end":{"line":78,"column":44}},"19":{"start":{"line":81,"column":4},"end":{"line":82,"column":46}},"20":{"start":{"line":82,"column":6},"end":{"line":82,"column":46}},"21":{"start":{"line":85,"column":4},"end":{"line":103,"column":5}},"22":{"start":{"line":87,"column":6},"end":{"line":102,"column":7}},"23":{"start":{"line":88,"column":8},"end":{"line":88,"column":52}},"24":{"start":{"line":89,"column":8},"end":{"line":89,"column":35}},"25":{"start":{"line":92,"column":8},"end":{"line":92,"column":51}},"26":{"start":{"line":93,"column":30},"end":{"line":95,"column":9}},"27":{"start":{"line":96,"column":8},"end":{"line":97,"column":59}},"28":{"start":{"line":97,"column":10},"end":{"line":97,"column":59}},"29":{"start":{"line":98,"column":8},"end":{"line":99,"column":59}},"30":{"start":{"line":99,"column":10},"end":{"line":99,"column":59}},"31":{"start":{"line":101,"column":8},"end":{"line":101,"column":44}},"32":{"start":{"line":106,"column":4},"end":{"line":110,"column":5}},"33":{"start":{"line":107,"column":6},"end":{"line":107,"column":71}},"34":{"start":{"line":109,"column":6},"end":{"line":109,"column":32}},"35":{"start":{"line":119,"column":16},"end":{"line":136,"column":3}},"36":{"start":{"line":120,"column":32},"end":{"line":120,"column":42}},"37":{"start":{"line":122,"column":4},"end":{"line":135,"column":5}},"38":{"start":{"line":123,"column":6},"end":{"line":130,"column":7}},"39":{"start":{"line":124,"column":8},"end":{"line":124,"column":50}},"40":{"start":{"line":125,"column":8},"end":{"line":125,"column":34}},"41":{"start":{"line":128,"column":8},"end":{"line":128,"column":33}},"42":{"start":{"line":129,"column":8},"end":{"line":129,"column":35}},"43":{"start":{"line":133,"column":6},"end":{"line":133,"column":30}},"44":{"start":{"line":134,"column":6},"end":{"line":134,"column":32}},"45":{"start":{"line":142,"column":15},"end":{"line":204,"column":3}},"46":{"start":{"line":143,"column":4},"end":{"line":143,"column":23}},"47":{"start":{"line":144,"column":118},"end":{"line":144,"column":128}},"48":{"start":{"line":145,"column":21},"end":{"line":145,"column":23}},"49":{"start":{"line":146,"column":24},"end":{"line":146,"column":98}},"50":{"start":{"line":149,"column":4},"end":{"line":152,"column":5}},"51":{"start":{"line":149,"column":17},"end":{"line":149,"column":18}},"52":{"start":{"line":150,"column":6},"end":{"line":150,"column":27}},"53":{"start":{"line":151,"column":6},"end":{"line":151,"column":77}},"54":{"start":{"line":154,"column":4},"end":{"line":163,"column":5}},"55":{"start":{"line":154,"column":17},"end":{"line":154,"column":18}},"56":{"start":{"line":155,"column":6},"end":{"line":155,"column":36}},"57":{"start":{"line":156,"column":6},"end":{"line":156,"column":28}},"58":{"start":{"line":157,"column":6},"end":{"line":157,"column":53}},"59":{"start":{"line":159,"column":6},"end":{"line":162,"column":7}},"60":{"start":{"line":159,"column":19},"end":{"line":159,"column":20}},"61":{"start":{"line":160,"column":8},"end":{"line":160,"column":39}},"62":{"start":{"line":161,"column":8},"end":{"line":161,"column":99}},"63":{"start":{"line":175,"column":20},"end":{"line":185,"column":5}},"64":{"start":{"line":188,"column":4},"end":{"line":199,"column":5}},"65":{"start":{"line":189,"column":6},"end":{"line":195,"column":11}},"66":{"start":{"line":191,"column":10},"end":{"line":191,"column":32}},"67":{"start":{"line":194,"column":10},"end":{"line":194,"column":27}},"68":{"start":{"line":198,"column":6},"end":{"line":198,"column":23}},"69":{"start":{"line":201,"column":4},"end":{"line":201,"column":38}},"70":{"start":{"line":203,"column":4},"end":{"line":203,"column":38}},"71":{"start":{"line":207,"column":116},"end":{"line":207,"column":126}},"72":{"start":{"line":208,"column":18},"end":{"line":208,"column":28}},"73":{"start":{"line":210,"column":4},"end":{"line":264,"column":6}},"74":{"start":{"line":272,"column":0},"end":{"line":274,"column":2}}},"fnMap":{"0":{"name":"(anonymous_0)","decl":{"start":{"line":19,"column":2},"end":{"line":19,"column":3}},"loc":{"start":{"line":19,"column":21},"end":{"line":36,"column":3}},"line":19},"1":{"name":"(anonymous_1)","decl":{"start":{"line":42,"column":23},"end":{"line":42,"column":24}},"loc":{"start":{"line":42,"column":37},"end":{"line":57,"column":3}},"line":42},"2":{"name":"(anonymous_2)","decl":{"start":{"line":62,"column":20},"end":{"line":62,"column":21}},"loc":{"start":{"line":62,"column":26},"end":{"line":68,"column":3}},"line":62},"3":{"name":"(anonymous_3)","decl":{"start":{"line":74,"column":17},"end":{"line":74,"column":18}},"loc":{"start":{"line":74,"column":24},"end":{"line":111,"column":3}},"line":74},"4":{"name":"(anonymous_4)","decl":{"start":{"line":119,"column":16},"end":{"line":119,"column":17}},"loc":{"start":{"line":119,"column":44},"end":{"line":136,"column":3}},"line":119},"5":{"name":"(anonymous_5)","decl":{"start":{"line":142,"column":15},"end":{"line":142,"column":16}},"loc":{"start":{"line":142,"column":22},"end":{"line":204,"column":3}},"line":142},"6":{"name":"(anonymous_6)","decl":{"start":{"line":190,"column":14},"end":{"line":190,"column":15}},"loc":{"start":{"line":190,"column":23},"end":{"line":192,"column":9}},"line":190},"7":{"name":"(anonymous_7)","decl":{"start":{"line":193,"column":15},"end":{"line":193,"column":16}},"loc":{"start":{"line":193,"column":24},"end":{"line":195,"column":9}},"line":193},"8":{"name":"(anonymous_8)","decl":{"start":{"line":206,"column":2},"end":{"line":206,"column":3}},"loc":{"start":{"line":206,"column":11},"end":{"line":265,"column":3}},"line":206}},"branchMap":{"0":{"loc":{"start":{"line":47,"column":4},"end":{"line":56,"column":5}},"type":"if","locations":[{"start":{"line":47,"column":4},"end":{"line":56,"column":5}},{"start":{"line":47,"column":4},"end":{"line":56,"column":5}}],"line":47},"1":{"loc":{"start":{"line":77,"column":18},"end":{"line":77,"column":76}},"type":"cond-expr","locations":[{"start":{"line":77,"column":47},"end":{"line":77,"column":61}},{"start":{"line":77,"column":64},"end":{"line":77,"column":76}}],"line":77},"2":{"loc":{"start":{"line":81,"column":4},"end":{"line":82,"column":46}},"type":"if","locations":[{"start":{"line":81,"column":4},"end":{"line":82,"column":46}},{"start":{"line":81,"column":4},"end":{"line":82,"column":46}}],"line":81},"3":{"loc":{"start":{"line":85,"column":4},"end":{"line":103,"column":5}},"type":"if","locations":[{"start":{"line":85,"column":4},"end":{"line":103,"column":5}},{"start":{"line":85,"column":4},"end":{"line":103,"column":5}}],"line":85},"4":{"loc":{"start":{"line":87,"column":6},"end":{"line":102,"column":7}},"type":"if","locations":[{"start":{"line":87,"column":6},"end":{"line":102,"column":7}},{"start":{"line":87,"column":6},"end":{"line":102,"column":7}}],"line":87},"5":{"loc":{"start":{"line":87,"column":10},"end":{"line":87,"column":76}},"type":"binary-expr","locations":[{"start":{"line":87,"column":10},"end":{"line":87,"column":39}},{"start":{"line":87,"column":43},"end":{"line":87,"column":76}}],"line":87},"6":{"loc":{"start":{"line":96,"column":8},"end":{"line":97,"column":59}},"type":"if","locations":[{"start":{"line":96,"column":8},"end":{"line":97,"column":59}},{"start":{"line":96,"column":8},"end":{"line":97,"column":59}}],"line":96},"7":{"loc":{"start":{"line":96,"column":12},"end":{"line":96,"column":65}},"type":"binary-expr","locations":[{"start":{"line":96,"column":12},"end":{"line":96,"column":43}},{"start":{"line":96,"column":47},"end":{"line":96,"column":65}}],"line":96},"8":{"loc":{"start":{"line":98,"column":8},"end":{"line":99,"column":59}},"type":"if","locations":[{"start":{"line":98,"column":8},"end":{"line":99,"column":59}},{"start":{"line":98,"column":8},"end":{"line":99,"column":59}}],"line":98},"9":{"loc":{"start":{"line":98,"column":12},"end":{"line":98,"column":65}},"type":"binary-expr","locations":[{"start":{"line":98,"column":12},"end":{"line":98,"column":43}},{"start":{"line":98,"column":47},"end":{"line":98,"column":65}}],"line":98},"10":{"loc":{"start":{"line":106,"column":4},"end":{"line":110,"column":5}},"type":"if","locations":[{"start":{"line":106,"column":4},"end":{"line":110,"column":5}},{"start":{"line":106,"column":4},"end":{"line":110,"column":5}}],"line":106},"11":{"loc":{"start":{"line":122,"column":4},"end":{"line":135,"column":5}},"type":"if","locations":[{"start":{"line":122,"column":4},"end":{"line":135,"column":5}},{"start":{"line":122,"column":4},"end":{"line":135,"column":5}}],"line":122},"12":{"loc":{"start":{"line":123,"column":6},"end":{"line":130,"column":7}},"type":"if","locations":[{"start":{"line":123,"column":6},"end":{"line":130,"column":7}},{"start":{"line":123,"column":6},"end":{"line":130,"column":7}}],"line":123},"13":{"loc":{"start":{"line":211,"column":35},"end":{"line":211,"column":60}},"type":"cond-expr","locations":[{"start":{"line":211,"column":46},"end":{"line":211,"column":56}},{"start":{"line":211,"column":58},"end":{"line":211,"column":60}}],"line":211},"14":{"loc":{"start":{"line":258,"column":9},"end":{"line":258,"column":108}},"type":"binary-expr","locations":[{"start":{"line":258,"column":9},"end":{"line":258,"column":17}},{"start":{"line":258,"column":21},"end":{"line":258,"column":108}}],"line":258},"15":{"loc":{"start":{"line":262,"column":9},"end":{"line":262,"column":46}},"type":"binary-expr","locations":[{"start":{"line":262,"column":9},"end":{"line":262,"column":17}},{"start":{"line":262,"column":21},"end":{"line":262,"column":46}}],"line":262}},"s":{"0":1,"1":1,"2":1,"3":0,"4":0,"5":0,"6":0,"7":0,"8":0,"9":0,"10":1,"11":0,"12":0,"13":0,"14":1,"15":0,"16":0,"17":0,"18":0,"19":0,"20":0,"21":0,"22":0,"23":0,"24":0,"25":0,"26":0,"27":0,"28":0,"29":0,"30":0,"31":0,"32":0,"33":0,"34":0,"35":1,"36":0,"37":0,"38":0,"39":0,"40":0,"41":0,"42":0,"43":0,"44":0,"45":1,"46":0,"47":0,"48":0,"49":0,"50":0,"51":0,"52":0,"53":0,"54":0,"55":0,"56":0,"57":0,"58":0,"59":0,"60":0,"61":0,"62":0,"63":0,"64":0,"65":0,"66":0,"67":0,"68":0,"69":0,"70":0,"71":1,"72":1,"73":1,"74":1},"f":{"0":1,"1":0,"2":0,"3":0,"4":0,"5":0,"6":0,"7":0,"8":1},"b":{"0":[0,0],"1":[0,0],"2":[0,0],"3":[0,0],"4":[0,0],"5":[0,0],"6":[0,0],"7":[0,0],"8":[0,0],"9":[0,0],"10":[0,0],"11":[0,0],"12":[0,0],"13":[0,1],"14":[1,0],"15":[1,0]},"_coverageSchema":"43e27e138ebf9cfc5966b082cf9a028302ed4184","hash":"a41ec81d60f46fdbc2601c6474bc99f89f5a5f9e"}
}
