TN:
SF:/Users/srochlen/Desktop/cancer-survey/src/i18n.js
FNF:0
FNH:0
DA:6,0
LF:1
LH:0
BRF:0
BRH:0
end_of_record
TN:
SF:/Users/srochlen/Desktop/cancer-survey/src/index.js
FN:9,(anonymous_0)
FN:16,App
FNF:2
FNH:0
FNDA:0,(anonymous_0)
FNDA:0,App
DA:9,0
DA:10,0
DA:17,0
DA:24,0
DA:29,0
LF:5
LH:0
BRF:0
BRH:0
end_of_record
TN:
SF:/Users/srochlen/Desktop/cancer-survey/src/serviceWorker.js
FN:23,register
FN:34,(anonymous_1)
FN:43,(anonymous_2)
FN:57,registerValidSW
FN:60,(anonymous_4)
FN:61,(anonymous_5)
FN:66,(anonymous_6)
FN:96,(anonymous_7)
FN:101,checkValidServiceWorker
FN:106,(anonymous_9)
FN:114,(anonymous_10)
FN:115,(anonymous_11)
FN:124,(anonymous_12)
FN:131,unregister
FN:133,(anonymous_14)
FNF:15
FNH:0
FNDA:0,register
FNDA:0,(anonymous_1)
FNDA:0,(anonymous_2)
FNDA:0,registerValidSW
FNDA:0,(anonymous_4)
FNDA:0,(anonymous_5)
FNDA:0,(anonymous_6)
FNDA:0,(anonymous_7)
FNDA:0,checkValidServiceWorker
FNDA:0,(anonymous_9)
FNDA:0,(anonymous_10)
FNDA:0,(anonymous_11)
FNDA:0,(anonymous_12)
FNDA:0,unregister
FNDA:0,(anonymous_14)
DA:13,0
DA:24,0
DA:26,0
DA:27,0
DA:31,0
DA:34,0
DA:35,0
DA:37,0
DA:39,0
DA:43,0
DA:44,0
DA:51,0
DA:58,0
DA:61,0
DA:62,0
DA:63,0
DA:64,0
DA:66,0
DA:67,0
DA:68,0
DA:72,0
DA:78,0
DA:79,0
DA:85,0
DA:88,0
DA:89,0
DA:97,0
DA:103,0
DA:108,0
DA:109,0
DA:114,0
DA:115,0
DA:116,0
DA:121,0
DA:125,0
DA:132,0
DA:133,0
DA:134,0
LF:38
LH:0
BRDA:14,0,0,0
BRDA:14,0,1,0
BRDA:14,0,2,0
BRDA:24,1,0,0
BRDA:24,1,1,0
BRDA:24,2,0,0
BRDA:24,2,1,0
BRDA:27,3,0,0
BRDA:27,3,1,0
BRDA:37,4,0,0
BRDA:37,4,1,0
BRDA:63,5,0,0
BRDA:63,5,1,0
BRDA:67,6,0,0
BRDA:67,6,1,0
BRDA:68,7,0,0
BRDA:68,7,1,0
BRDA:78,8,0,0
BRDA:78,8,1,0
BRDA:78,9,0,0
BRDA:78,9,1,0
BRDA:88,10,0,0
BRDA:88,10,1,0
BRDA:88,11,0,0
BRDA:88,11,1,0
BRDA:109,12,0,0
BRDA:109,12,1,0
BRDA:110,13,0,0
BRDA:110,13,1,0
BRDA:110,13,2,0
BRDA:132,14,0,0
BRDA:132,14,1,0
BRF:32
BRH:0
end_of_record
TN:
SF:/Users/srochlen/Desktop/cancer-survey/src/components/cancerEntries/index.js
FN:9,CancerEntries
FN:13,(anonymous_1)
FN:31,(anonymous_2)
FNF:3
FNH:2
FNDA:3,CancerEntries
FNDA:0,(anonymous_1)
FNDA:1,(anonymous_2)
DA:10,3
DA:11,3
DA:13,3
DA:14,0
DA:26,3
DA:31,1
DA:58,2
DA:66,2
LF:8
LH:7
BRDA:39,0,0,3
BRDA:39,0,1,0
BRF:2
BRH:1
end_of_record
TN:
SF:/Users/srochlen/Desktop/cancer-survey/src/components/cancerEntry/index.js
FN:9,CancerEntry
FN:26,(anonymous_1)
FN:34,(anonymous_2)
FN:62,(anonymous_3)
FNF:4
FNH:4
FNDA:7,CancerEntry
FNDA:35,(anonymous_1)
FNDA:42,(anonymous_2)
FNDA:1,(anonymous_3)
DA:10,7
DA:11,7
DA:12,7
DA:14,7
DA:15,847
DA:17,7
DA:26,7
DA:27,35
DA:28,35
DA:29,0
DA:30,0
DA:31,0
DA:34,42
DA:36,7
DA:62,1
DA:78,3
DA:86,3
LF:17
LH:14
BRDA:27,0,0,35
BRDA:27,0,1,0
BRDA:29,1,0,0
BRDA:29,1,1,0
BRDA:40,2,0,3
BRDA:40,2,1,4
BRDA:51,3,0,3
BRDA:51,3,1,4
BRF:8
BRH:5
end_of_record
TN:
SF:/Users/srochlen/Desktop/cancer-survey/src/components/changeLanguage/index.js
FN:7,ChangeLanguage
FN:10,(anonymous_1)
FN:18,(anonymous_2)
FN:25,(anonymous_3)
FNF:4
FNH:0
FNDA:0,ChangeLanguage
FNDA:0,(anonymous_1)
FNDA:0,(anonymous_2)
FNDA:0,(anonymous_3)
DA:8,0
DA:10,0
DA:11,0
DA:14,0
DA:18,0
DA:25,0
LF:6
LH:0
BRDA:17,0,0,0
BRDA:17,0,1,0
BRDA:24,1,0,0
BRDA:24,1,1,0
BRF:4
BRH:0
end_of_record
TN:
SF:/Users/srochlen/Desktop/cancer-survey/src/components/dateOfBirth/index.js
FN:9,DateOfBirth
FNF:1
FNH:0
FNDA:0,DateOfBirth
DA:10,0
DA:11,0
DA:12,0
DA:13,0
DA:14,0
DA:16,0
DA:17,0
DA:19,0
DA:20,0
DA:22,0
DA:23,0
DA:25,0
DA:72,1
LF:13
LH:1
BRF:0
BRH:0
end_of_record
TN:
SF:/Users/srochlen/Desktop/cancer-survey/src/components/familyEntries/index.js
FN:9,FamilyEntries
FN:13,(anonymous_1)
FNF:2
FNH:0
FNDA:0,FamilyEntries
FNDA:0,(anonymous_1)
DA:10,0
DA:11,0
DA:13,0
DA:14,0
DA:26,0
DA:57,1
LF:6
LH:1
BRDA:39,0,0,0
BRDA:39,0,1,0
BRF:2
BRH:0
end_of_record
TN:
SF:/Users/srochlen/Desktop/cancer-survey/src/components/familyEntry/index.js
FN:13,FamilyEntry
FN:21,(anonymous_1)
FN:28,(anonymous_2)
FNF:3
FNH:0
FNDA:0,FamilyEntry
FNDA:0,(anonymous_1)
FNDA:0,(anonymous_2)
DA:14,0
DA:15,0
DA:16,0
DA:18,0
DA:19,0
DA:21,0
DA:23,0
DA:28,0
DA:97,1
LF:9
LH:1
BRF:0
BRH:0
end_of_record
TN:
SF:/Users/srochlen/Desktop/cancer-survey/src/components/footer/index.js
FN:7,Footer
FNF:1
FNH:0
FNDA:0,Footer
DA:8,0
DA:10,0
LF:2
LH:0
BRF:0
BRH:0
end_of_record
TN:
SF:/Users/srochlen/Desktop/cancer-survey/src/components/gender/index.js
FN:8,Gender
FNF:1
FNH:0
FNDA:0,Gender
DA:9,0
DA:10,0
DA:11,0
DA:12,0
DA:13,0
DA:15,0
DA:50,1
DA:55,1
LF:8
LH:2
BRDA:11,0,0,0
BRDA:11,0,1,0
BRDA:12,1,0,0
BRDA:12,1,1,0
BRDA:13,2,0,0
BRDA:13,2,1,0
BRF:6
BRH:0
end_of_record
TN:
SF:/Users/srochlen/Desktop/cancer-survey/src/components/motherFatherIds/index.js
FN:8,MotherFatherIds
FN:13,(anonymous_1)
FN:21,(anonymous_2)
FN:30,(anonymous_3)
FN:33,(anonymous_4)
FNF:5
FNH:0
FNDA:0,MotherFatherIds
FNDA:0,(anonymous_1)
FNDA:0,(anonymous_2)
FNDA:0,(anonymous_3)
FNDA:0,(anonymous_4)
DA:9,0
DA:10,0
DA:13,0
DA:14,0
DA:15,0
DA:16,0
DA:17,0
DA:18,0
DA:21,0
DA:22,0
DA:23,0
DA:24,0
DA:25,0
DA:26,0
DA:30,0
DA:31,0
DA:33,0
DA:34,0
DA:37,0
DA:80,1
DA:86,1
LF:21
LH:2
BRDA:14,0,0,0
BRDA:14,0,1,0
BRDA:15,1,0,0
BRDA:15,1,1,0
BRDA:15,1,2,0
BRDA:16,2,0,0
BRDA:16,2,1,0
BRDA:18,3,0,0
BRDA:18,3,1,0
BRDA:22,4,0,0
BRDA:22,4,1,0
BRDA:23,5,0,0
BRDA:23,5,1,0
BRDA:23,5,2,0
BRDA:24,6,0,0
BRDA:24,6,1,0
BRDA:26,7,0,0
BRDA:26,7,1,0
BRDA:42,8,0,0
BRDA:42,8,1,0
BRDA:45,9,0,0
BRDA:45,9,1,0
BRDA:54,10,0,0
BRDA:54,10,1,0
BRDA:57,11,0,0
BRDA:57,11,1,0
BRDA:66,12,0,0
BRDA:66,12,1,0
BRDA:66,12,2,0
BRF:29
BRH:0
end_of_record
TN:
SF:/Users/srochlen/Desktop/cancer-survey/src/components/name/index.js
FN:8,Name
FNF:1
FNH:0
FNDA:0,Name
DA:9,0
DA:10,0
DA:12,0
DA:43,1
LF:4
LH:1
BRF:0
BRH:0
end_of_record
TN:
SF:/Users/srochlen/Desktop/cancer-survey/src/components/relationship/index.js
FN:9,Relationship
FN:43,(anonymous_1)
FN:51,(anonymous_2)
FNF:3
FNH:0
FNDA:0,Relationship
FNDA:0,(anonymous_1)
FNDA:0,(anonymous_2)
DA:10,0
DA:11,0
DA:12,0
DA:14,0
DA:15,0
DA:17,0
DA:43,0
DA:44,0
DA:45,0
DA:46,0
DA:47,0
DA:48,0
DA:51,0
DA:53,0
DA:76,1
LF:15
LH:1
BRDA:44,0,0,0
BRDA:44,0,1,0
BRDA:46,1,0,0
BRDA:46,1,1,0
BRF:4
BRH:0
end_of_record
TN:
SF:/Users/srochlen/Desktop/cancer-survey/src/components/root/index.js
FN:19,(anonymous_0)
FN:42,(anonymous_1)
FN:62,(anonymous_2)
FN:74,(anonymous_3)
FN:119,(anonymous_4)
FN:142,(anonymous_5)
FN:190,(anonymous_6)
FN:193,(anonymous_7)
FN:206,(anonymous_8)
FNF:9
FNH:2
FNDA:1,(anonymous_0)
FNDA:0,(anonymous_1)
FNDA:0,(anonymous_2)
FNDA:0,(anonymous_3)
FNDA:0,(anonymous_4)
FNDA:0,(anonymous_5)
FNDA:0,(anonymous_6)
FNDA:0,(anonymous_7)
FNDA:1,(anonymous_8)
DA:20,1
DA:22,1
DA:42,1
DA:43,0
DA:44,0
DA:47,0
DA:48,0
DA:50,0
DA:53,0
DA:55,0
DA:62,1
DA:63,0
DA:65,0
DA:67,0
DA:74,1
DA:75,0
DA:76,0
DA:77,0
DA:78,0
DA:81,0
DA:82,0
DA:85,0
DA:87,0
DA:88,0
DA:89,0
DA:92,0
DA:93,0
DA:96,0
DA:97,0
DA:98,0
DA:99,0
DA:101,0
DA:106,0
DA:107,0
DA:109,0
DA:119,1
DA:120,0
DA:122,0
DA:123,0
DA:124,0
DA:125,0
DA:128,0
DA:129,0
DA:133,0
DA:134,0
DA:142,1
DA:143,0
DA:144,0
DA:145,0
DA:146,0
DA:149,0
DA:150,0
DA:151,0
DA:154,0
DA:155,0
DA:156,0
DA:157,0
DA:159,0
DA:160,0
DA:161,0
DA:175,0
DA:188,0
DA:189,0
DA:191,0
DA:194,0
DA:198,0
DA:201,0
DA:203,0
DA:207,1
DA:208,1
DA:210,1
DA:272,1
LF:72
LH:11
BRDA:47,0,0,0
BRDA:47,0,1,0
BRDA:77,1,0,0
BRDA:77,1,1,0
BRDA:81,2,0,0
BRDA:81,2,1,0
BRDA:85,3,0,0
BRDA:85,3,1,0
BRDA:87,4,0,0
BRDA:87,4,1,0
BRDA:87,5,0,0
BRDA:87,5,1,0
BRDA:96,6,0,0
BRDA:96,6,1,0
BRDA:96,7,0,0
BRDA:96,7,1,0
BRDA:98,8,0,0
BRDA:98,8,1,0
BRDA:98,9,0,0
BRDA:98,9,1,0
BRDA:106,10,0,0
BRDA:106,10,1,0
BRDA:122,11,0,0
BRDA:122,11,1,0
BRDA:123,12,0,0
BRDA:123,12,1,0
BRDA:211,13,0,0
BRDA:211,13,1,1
BRDA:258,14,0,1
BRDA:258,14,1,0
BRDA:262,15,0,1
BRDA:262,15,1,0
BRF:32
BRH:3
end_of_record
